
ROM used: 14382 (44%)
          14382 (44%) including unused fragments

          9 Average locations per line
          26 Average locations per statement

RAM used: 9 (0%) at main() level
          152 (7%) worst case

Stack used: 8 worst case (out of 31 total available)

Lines Stmts  %   Files
----- ----- ---  -----
   58    28   5  main.c
   39     0   0  main.h
  458     0   0  C:\Program Files\PICC\devices\18F4550.h
  156    60  11  DS1302.C
  105    45   8  Flex_KBD.c
  408    88  16  C:\Program Files\PICC\drivers\LCD.C
  436   341  61  menu.c
----- -----
 1660   562 Total

Page ROM  %  RAM   Vol Diff  Functions:
---- --- --- ---   --- ----  ----------
0     40   0   1             @delay_ms1
0     36   0   2   199  4.3  write_ds1302_byte
0     22   0   2    94  1.8  write_ds1302
0     62   0   3   401  4.9  read_ds1302
0     56   0   2   247  3.7  rtc_init
0     40   0   4   160  5.0  get_bcd
0     40   0   3             @DIV88
0     46   0   3   160  4.2  rm_bcd
0     92   0   5   214  2.1  rtc_set_date
0     62   0   3   136  1.9  rtc_set_time
 Inline        5   238  3.1  rtc_get_date
 Inline        4   170  3.0  rtc_get_time
0     28   0   0             @const117
0      4   0   0     3  0.0  kbd_init
0     58   0   1   125  3.0  ALL_ROWS
0    188   1   4  1309  7.8  kbd_getc
0     20   0   0             @const136
0     74   0   3   751  4.5  lcd_read_byte
0     82   0   2   254  3.7  lcd_read_nibble
0     62   0   1   391  2.4  lcd_send_nibble
0     70   0   3   402  3.6  lcd_send_byte
0     94   0   2   666  5.0  lcd_init
0     34   0   4   191  5.8  lcd_gotoxy
0     82   0   1   354  4.7  lcd_putc
0     58   0   1   216  3.0  clean
0     18   0   0             @const179
0     32   0   2             @PSTRINGC_154
0     18   0   0             @const181
0     96   0   8   209  5.3  eepromLoad
0     72   0  10   209  5.3  dataLoad
 Inline        7   280  6.3  concatenateAtoi
0     46   0   3    88  2.0  showHour
0    200   1   6             @PRINTF_D_154
0    426   1   4   822  4.0  showDate
0     20   0   0             @const212
0     30   0   3             @PSTRINGCN_154
0     20   0   0             @const215
0     20   0   0             @const216
0     20   0   0             @const217
0     20   0   0             @const218
0     20   0   0             @const219
0     20   0   0             @const220
0     40   0   0             @goto10396
 Inline       10  2812  9.1  getHour
0     36   0   2             @PSTRINGR_154
0      6   0   0             @const231
0      8   0   0             @const233
 Inline       10  5548 11.1  getDate
0     12   0   0             @const246
0     12   0   0             @const247
0     14   0   0             @const248
0     14   0   0             @const249
0     16   0   0             @const250
0   1970   7   8  1588  8.0  configClock
0     14   0   0             @const262
0     16   0   0             @const265
0     16   0   0             @const267
0      8   0   0             @const268
 Inline       51  5719  9.0  configOnOff
0     14   0   0             @const274
0     10   0   0             @const276
0     10   0   0             @const277
0     14   0   0             @const278
0     10   0   0             @const279
0     12   0   0             @const280
0     10   0   0             @const281
0     12   0   0             @const282
0     16   0   0             @const283
 Inline       28  1135  7.7  menu
0     14   0   0             @const287
0     16   0   0             @const289
0     18   0   0             @const290
0      8   0   0             @const291
0   9604  33   1  1015  4.4  MAIN

Program metrics:
    Functions               32
    Statements              562
    Comments                247
    Volume (V)              42116
    Difficilty (D)          147.5
    Effort to implement (E) 6213470
    Time to implement (T)   95 hours, 53 minutes
    Est Delivered Bugs (B)  11
    Cyclomatic Complexity   121
    Maintainability (MI)    40

 Segment     Used  Free
-----------  ----  ----
00000-00002     4  0  
00004-07FFE  14378  18386  



