
ROM used: 14194 (43%)
          14194 (43%) including unused fragments

          10 Average locations per line
          27 Average locations per statement

RAM used: 9 (0%) at main() level
          150 (7%) worst case

Stack used: 7 worst case (out of 31 total available)

Lines Stmts  %   Files
----- ----- ---  -----
   48    28   5  main.c
   39     0   0  main.h
  458     0   0  ..\..\..\PICC\devices\18F4550.h
  156    60  12  DS1302.C
  105    45   9  Flex_KBD.c
  237    46   9  flexlcd.c
  436   341  66  menu.c
----- -----
 1479   520 Total

Page ROM  %  RAM   Vol Diff  Functions:
---- --- --- ---   --- ----  ----------
0     40   0   1             @delay_ms1
0     36   0   2   199  4.3  write_ds1302_byte
0     22   0   2    94  1.8  write_ds1302
0     62   0   3   401  4.9  read_ds1302
0     56   0   2   247  3.7  rtc_init
0     40   0   4   160  5.0  get_bcd
0     40   0   3   339  4.2  @DIV88
0     46   0   3   160  4.2  rm_bcd
0     84   0   5   214  2.1  rtc_set_date
0     62   0   3   136  1.9  rtc_set_time
 Inline        5   238  3.1  rtc_get_date
 Inline        4   170  3.0  rtc_get_time
0     28   0   0             @const117
0      4   0   0     3  0.0  kbd_init
0     58   0   1   125  3.0  ALL_ROWS
0    188   1   4  1314  7.6  kbd_getc
0     20   0   0             @const129
0     62   0   1   326  2.8  lcd_send_nibble
0     60   0   3   235  3.8  lcd_send_byte
0     80   0   2   380  4.7  lcd_init
0     34   0   4   186  5.5  lcd_gotoxy
0     82   0   1   339  4.2  lcd_putc
0     58   0   1   216  3.0  clean
0     18   0   0             @const163
0     32   0   2             @PSTRINGC_142
0     18   0   0             @const165
0     96   0   8   209  5.3  eepromLoad
0     72   0  10   209  5.3  dataLoad
 Inline        7   280  6.3  concatenateAtoi
0     46   0   3    88  2.0  showHour
0    200   1   6             @PRINTF_D_142
0    426   2   4   822  4.0  showDate
0     20   0   0             @const196
0     30   0   3             @PSTRINGCN_142
0     20   0   0             @const199
0     20   0   0             @const200
0     20   0   0             @const201
0     20   0   0             @const202
0     20   0   0             @const203
0     20   0   0             @const204
0     40   0   0             @goto10357
 Inline       10  2812  9.1  getHour
0     36   0   2             @PSTRINGR_142
0      6   0   0             @const215
0      8   0   0             @const217
 Inline       10  5548 11.1  getDate
0     12   0   0             @const230
0     12   0   0             @const231
0     14   0   0             @const232
0     14   0   0             @const233
0     16   0   0             @const234
0   1970   7   8  1588  8.0  configClock
0     14   0   0             @const246
0     16   0   0             @const249
0     16   0   0             @const251
0      8   0   0             @const252
 Inline       51  5719  9.0  configOnOff
0     14   0   0             @const258
0     10   0   0             @const260
0     10   0   0             @const261
0     14   0   0             @const262
0     10   0   0             @const263
0     12   0   0             @const264
0     10   0   0             @const265
0     12   0   0             @const266
0     16   0   0             @const267
 Inline       28  1135  7.7  menu
0     14   0   0             @const271
0     16   0   0             @const273
0     18   0   0             @const274
0      8   0   0             @const275
0   9604  34   1  1015  4.4  MAIN

Program metrics:
    Functions               31
    Statements              520
    Comments                188
    Volume (V)              39774
    Difficilty (D)          143.5
    Effort to implement (E) 5708135
    Time to implement (T)   88 hours, 5 minutes
    Est Delivered Bugs (B)  11
    Cyclomatic Complexity   127
    Maintainability (MI)    56

 Segment     Used  Free
-----------  ----  ----
00000-00002     4  0  
00004-07FFE  14190  18574  



